TN:
SF:script/RegisterScripts.sol
FN:64,RegisterScripts.setUpScripts
FNDA:0,RegisterScripts.setUpScripts
FN:74,RegisterScripts.setUpContract
FNDA:0,RegisterScripts.setUpContract
DA:80,0
DA:81,0
DA:83,0
BRDA:83,0,0,-
BRDA:83,0,1,-
DA:84,0
DA:86,0
DA:90,0
DA:92,0
BRDA:92,1,0,-
BRDA:92,1,1,-
DA:94,0
DA:96,0
BRDA:96,2,0,-
BRDA:96,2,1,-
DA:97,0
DA:99,0
BRDA:99,3,0,-
BRDA:99,3,1,-
DA:100,0
BRDA:100,4,0,-
BRDA:100,4,1,-
DA:101,0
DA:102,0
DA:104,0
DA:107,0
BRDA:107,5,0,-
BRDA:107,5,1,-
DA:108,0
DA:110,0
DA:112,0
BRDA:112,6,0,-
BRDA:112,6,1,-
DA:113,0
DA:116,0
DA:118,0
DA:120,0
BRDA:120,7,0,-
BRDA:120,7,1,-
DA:124,0
BRDA:124,8,0,-
BRDA:124,8,1,-
DA:125,0
DA:127,0
DA:129,0
DA:132,0
FN:137,RegisterScripts.setUpContract
FNDA:0,RegisterScripts.setUpContract
DA:142,0
FN:145,RegisterScripts.setUpContract
FNDA:0,RegisterScripts.setUpContract
DA:146,0
FN:149,RegisterScripts.setUpContract
FNDA:0,RegisterScripts.setUpContract
DA:154,0
FN:160,RegisterScripts.loadEnvVars
FNDA:0,RegisterScripts.loadEnvVars
DA:162,0
BRDA:162,9,0,-
BRDA:162,9,1,-
DA:163,0
DA:164,0
DA:165,0
DA:166,0
DA:167,0
DA:168,0
DA:171,0
BRDA:170,10,0,-
BRDA:170,10,1,-
DA:177,0
FN:181,RegisterScripts.tryLoadEnvBool
FNDA:0,RegisterScripts.tryLoadEnvBool
DA:186,0
DA:188,0
BRDA:188,11,0,-
BRDA:188,11,1,-
DA:189,0
DA:198,0
BRDA:198,12,0,-
BRDA:198,12,1,-
FN:201,RegisterScripts.startBroadcastIfNotDryRun
FNDA:0,RegisterScripts.startBroadcastIfNotDryRun
DA:202,0
BRDA:202,13,0,-
BRDA:202,13,1,-
DA:204,0
BRDA:204,14,0,-
BRDA:204,14,1,-
DA:207,0
DA:214,0
DA:215,0
DA:216,0
DA:219,0
DA:222,0
DA:223,0
FN:228,RegisterScripts.loadSavedDeployedAddress
FNDA:0,RegisterScripts.loadSavedDeployedAddress
DA:229,0
FN:232,RegisterScripts.loadSavedDeployedAddress
FNDA:0,RegisterScripts.loadSavedDeployedAddress
DA:233,0
BRDA:233,15,0,-
BRDA:233,15,1,-
DA:234,0
DA:237,0
DA:240,0
BRDA:240,16,0,-
BRDA:240,16,1,-
DA:241,0
DA:246,0
FN:250,RegisterScripts.saveCreationCodeHash
FNDA:0,RegisterScripts.saveCreationCodeHash
DA:251,0
BRDA:251,17,0,-
BRDA:251,17,1,-
DA:253,0
DA:255,0
DA:257,0
FN:261,RegisterScripts.creationCodeHashMatches
FNDA:0,RegisterScripts.creationCodeHashMatches
DA:262,0
DA:264,0
DA:270,0
FN:273,RegisterScripts.getContractCode
FNDA:0,RegisterScripts.getContractCode
DA:274,0
DA:286,0
BRDA:286,18,0,-
BRDA:286,18,1,-
DA:287,0
DA:288,0
DA:289,0
DA:291,0
FN:296,RegisterScripts.deployCodeWrapper
FNDA:0,RegisterScripts.deployCodeWrapper
DA:297,0
DA:299,0
DA:301,0
BRDA:301,19,0,-
BRDA:301,19,1,-
FN:307,RegisterScripts.deployCode
FNDA:0,RegisterScripts.deployCode
DA:309,0
FN:313,RegisterScripts.isTestnet
FNDA:0,RegisterScripts.isTestnet
DA:314,0
DA:316,0
BRDA:316,20,0,-
BRDA:316,20,1,-
DA:317,0
BRDA:317,21,0,-
BRDA:317,21,1,-
DA:318,0
BRDA:318,22,0,-
BRDA:318,22,1,-
DA:319,0
BRDA:319,23,0,-
BRDA:319,23,1,-
DA:320,0
BRDA:320,24,0,-
BRDA:320,24,1,-
DA:321,0
BRDA:321,25,0,-
BRDA:321,25,1,-
DA:322,0
BRDA:322,26,0,-
BRDA:322,26,1,-
DA:323,0
BRDA:323,27,0,-
BRDA:323,27,1,-
DA:324,0
BRDA:324,28,0,-
BRDA:324,28,1,-
DA:326,0
FN:330,RegisterScripts.isFFIEnabled
FNDA:0,RegisterScripts.isFFIEnabled
DA:331,0
DA:332,0
DA:334,0
FN:341,RegisterScripts.mkdir
FNDA:0,RegisterScripts.mkdir
DA:342,0
BRDA:342,29,0,-
BRDA:342,29,1,-
DA:344,0
DA:345,0
DA:346,0
DA:347,0
DA:349,0
DA:351,0
FN:355,RegisterScripts.throwError
FNDA:0,RegisterScripts.throwError
DA:356,0
BRDA:356,30,0,-
BRDA:356,30,1,-
DA:359,0
BRDA:359,31,0,-
BRDA:359,31,1,-
FN:370,RegisterScripts.registerContract
FNDA:0,RegisterScripts.registerContract
DA:375,0
DA:377,0
BRDA:377,32,0,-
BRDA:377,32,1,-
DA:378,0
DA:379,0
DA:381,0
DA:384,0
DA:386,0
DA:387,0
DA:389,0
DA:391,0
FN:396,RegisterScripts.getDeploymentsPath
FNDA:0,RegisterScripts.getDeploymentsPath
DA:397,0
FN:400,RegisterScripts.getDeploymentsPath
FNDA:0,RegisterScripts.getDeploymentsPath
DA:401,0
FN:405,RegisterScripts.getCreationCodeHashFilePath
FNDA:0,RegisterScripts.getCreationCodeHashFilePath
DA:406,0
FN:409,RegisterScripts.logDeployments
FNDA:0,RegisterScripts.logDeployments
DA:410,0
DA:412,0
DA:413,0
DA:415,0
DA:416,0
DA:417,0
DA:420,0
FN:424,RegisterScripts.generateRegisteredContractsJson
FNDA:0,RegisterScripts.generateRegisteredContractsJson
DA:425,0
BRDA:425,33,0,-
BRDA:425,33,1,-
DA:427,0
DA:429,0
DA:430,0
DA:439,0
FN:442,RegisterScripts.generateSavedContractJson
FNDA:0,RegisterScripts.generateSavedContractJson
DA:444,0
BRDA:444,34,0,-
BRDA:444,34,1,-
DA:445,0
DA:447,0
DA:530,0
FN:533,RegisterScripts.generateFormatedContractJson
FNDA:0,RegisterScripts.generateFormatedContractJson
DA:535,0
BRDA:535,35,0,-
BRDA:535,35,1,-
DA:536,0
DA:538,0
DA:563,0
FN:566,RegisterScripts.storeLatestDeployments
FNDA:0,RegisterScripts.storeLatestDeployments
DA:568,0
DA:570,0
BRDA:570,36,0,-
BRDA:570,36,1,-
DA:572,0
DA:573,0
DA:575,0
DA:577,0
BRDA:577,37,0,-
BRDA:577,37,1,-
DA:578,0
DA:580,0
DA:582,0
DA:583,0
DA:585,0
FN:592,RegisterScripts.savePastDeployments
FNDA:0,RegisterScripts.savePastDeployments
DA:593,0
BRDA:593,38,0,-
BRDA:593,38,1,-
DA:595,0
DA:596,0
DA:598,0
DA:600,0
DA:601,0
DA:603,0
DA:605,0
FN:609,RegisterScripts.formatRegister
FNDA:0,RegisterScripts.formatRegister
DA:610,0
BRDA:610,39,0,-
BRDA:610,39,1,-
DA:612,0
DA:613,0
DA:615,0
DA:617,0
DA:619,0
FN:624,RegisterScripts.getGitCommitHash
FNDA:0,RegisterScripts.getGitCommitHash
DA:625,0
DA:626,0
DA:627,0
DA:628,0
DA:630,0
DA:632,0
BRDA:632,40,0,-
BRDA:632,40,1,-
DA:633,0
DA:634,0
DA:637,0
DA:642,0
DA:644,0
FN:649,RegisterScripts.title
FNDA:0,RegisterScripts.title
DA:650,0
DA:651,0
FN:654,RegisterScripts.contractLabel
FNDA:0,RegisterScripts.contractLabel
DA:659,0
FNF:33
FNH:0
LF:172
LH:0
BRF:82
BRH:0
end_of_record
TN:
SF:script/lib/EnumerableSet.sol
FN:27,EnumerableSet.add
FNDA:0,EnumerableSet.add
DA:28,0
DA:29,0
BRDA:29,0,0,-
BRDA:29,0,1,-
DA:31,0
DA:32,0
DA:34,0
FN:37,EnumerableSet.remove
FNDA:0,EnumerableSet.remove
DA:38,0
DA:39,0
BRDA:39,1,0,-
BRDA:39,1,1,-
DA:41,0
DA:43,0
BRDA:43,2,0,-
BRDA:43,2,1,-
DA:48,0
DA:50,0
DA:51,0
DA:55,0
DA:56,0
DA:58,0
FN:61,EnumerableSet.includes
FNDA:0,EnumerableSet.includes
DA:62,0
FN:65,EnumerableSet.values
FNDA:0,EnumerableSet.values
DA:66,0
FN:69,EnumerableSet.at
FNDA:0,EnumerableSet.at
DA:70,0
FN:73,EnumerableSet.length
FNDA:0,EnumerableSet.length
DA:74,0
FN:81,EnumerableSet.add
FNDA:0,EnumerableSet.add
DA:82,0
DA:83,0
DA:85,0
DA:86,0
DA:88,0
FN:91,EnumerableSet.remove
FNDA:0,EnumerableSet.remove
DA:92,0
DA:93,0
DA:95,0
DA:96,0
DA:98,0
FN:101,EnumerableSet.includes
FNDA:0,EnumerableSet.includes
DA:102,0
FN:105,EnumerableSet.values
FNDA:0,EnumerableSet.values
DA:106,0
FN:109,EnumerableSet.at
FNDA:0,EnumerableSet.at
DA:110,0
FN:113,EnumerableSet.length
FNDA:0,EnumerableSet.length
DA:114,0
FN:121,EnumerableSet.add
FNDA:0,EnumerableSet.add
DA:122,0
DA:123,0
DA:125,0
DA:126,0
DA:128,0
FN:131,EnumerableSet.remove
FNDA:0,EnumerableSet.remove
DA:132,0
DA:133,0
DA:135,0
DA:136,0
DA:138,0
FN:141,EnumerableSet.includes
FNDA:0,EnumerableSet.includes
DA:142,0
FN:145,EnumerableSet.at
FNDA:0,EnumerableSet.at
DA:146,0
FN:149,EnumerableSet.values
FNDA:0,EnumerableSet.values
DA:150,0
FN:153,EnumerableSet.length
FNDA:0,EnumerableSet.length
DA:154,0
FNF:18
FNH:0
LF:47
LH:0
BRF:6
BRH:0
end_of_record
TN:
SF:src/ERC20Game.sol
FN:44,ERC20Game.mint
FNDA:2,ERC20Game.mint
DA:45,2
FNF:1
FNH:1
LF:1
LH:1
BRF:0
BRH:0
end_of_record
TN:
SF:src/ERC721EnumerableCollection.sol
FN:47,ERC721EnumerableCollection.safeMint
FNDA:0,ERC721EnumerableCollection.safeMint
DA:48,0
BRDA:48,0,0,-
BRDA:48,0,1,-
DA:49,0
DA:50,0
BRDA:50,1,0,-
BRDA:50,1,1,-
DA:52,0
DA:53,0
FN:56,ERC721EnumerableCollection.ownerMint
FNDA:0,ERC721EnumerableCollection.ownerMint
DA:57,0
DA:58,0
BRDA:58,2,0,-
BRDA:58,2,1,-
DA:60,0
DA:61,0
FNF:2
FNH:0
LF:9
LH:0
BRF:6
BRH:0
end_of_record
TN:
SF:src/ERC721Game.sol
FN:44,ERC721Game.safeMint
FNDA:3,ERC721Game.safeMint
DA:45,3
BRDA:45,0,0,-
BRDA:45,0,1,3
DA:46,3
DA:47,3
BRDA:47,1,0,2
BRDA:47,1,1,1
DA:49,1
DA:50,1
FN:53,ERC721Game.ownerMint
FNDA:41,ERC721Game.ownerMint
DA:54,41
DA:55,41
BRDA:55,2,0,-
BRDA:55,2,1,41
DA:57,41
DA:58,41
FNF:2
FNH:2
LF:9
LH:9
BRF:6
BRH:4
end_of_record
TN:
SF:src/ERC721Presale.sol
FN:61,ERC721Presale.safeMint
FNDA:1,ERC721Presale.safeMint
DA:62,1
BRDA:62,0,0,-
BRDA:62,0,1,1
DA:63,1
BRDA:63,1,0,-
BRDA:63,1,1,1
DA:65,1
FN:73,ERC721Presale.setRoyaltyParameters
FNDA:0,ERC721Presale.setRoyaltyParameters
DA:74,0
DA:75,0
DA:76,0
FN:84,ERC721Presale.supportsInterface
FNDA:0,ERC721Presale.supportsInterface
DA:91,0
FN:94,ERC721Presale._baseURI
FNDA:0,ERC721Presale._baseURI
DA:95,0
FN:104,ERC721Presale.royaltyInfo
FNDA:0,ERC721Presale.royaltyInfo
DA:109,0
DA:110,0
FNF:5
FNH:1
LF:10
LH:3
BRF:4
BRH:2
end_of_record
TN:
SF:src/FixedPricePreSale.sol
FN:47,FixedPricePreSale.priceInfo
FNDA:2,FixedPricePreSale.priceInfo
DA:59,2
FN:62,FixedPricePreSale.mint
FNDA:0,FixedPricePreSale.mint
DA:63,0
BRDA:63,0,0,-
BRDA:63,0,1,-
DA:64,0
FN:67,FixedPricePreSale.mintWithPresale
FNDA:2,FixedPricePreSale.mintWithPresale
DA:72,2
BRDA:72,1,0,1
BRDA:72,1,1,1
DA:73,2
DA:75,2
DA:76,2
DA:78,2
BRDA:78,2,0,1
BRDA:78,2,1,1
DA:80,1
FN:83,FixedPricePreSale.isAllowanceUsed
FNDA:2,FixedPricePreSale.isAllowanceUsed
DA:84,4
FN:87,FixedPricePreSale._generateAllowanceHash
FNDA:2,FixedPricePreSale._generateAllowanceHash
DA:88,2
FN:91,FixedPricePreSale._useAllowanceIfAvailable
FNDA:2,FixedPricePreSale._useAllowanceIfAvailable
DA:92,2
BRDA:92,3,0,-
BRDA:92,3,1,2
DA:93,2
FN:96,FixedPricePreSale._payAndMint
FNDA:1,FixedPricePreSale._payAndMint
DA:97,1
BRDA:97,4,0,-
BRDA:97,4,1,1
DA:98,1
DA:99,1
BRDA:99,5,0,-
BRDA:99,5,1,1
DA:101,1
BRDA:101,6,0,-
BRDA:101,6,1,1
DA:102,1
DA:105,1
BRDA:105,7,0,-
BRDA:105,7,1,1
DA:106,1
DA:109,1
FNF:7
FNH:6
LF:21
LH:19
BRF:16
BRH:9
end_of_record
TN:
SF:src/IsIdPrime.sol
FN:18,IsIdPrime.primeBalanceOf
FNDA:1,IsIdPrime.primeBalanceOf
DA:20,1
DA:22,1
DA:24,1
DA:26,4
DA:28,4
BRDA:28,0,0,-
BRDA:28,0,1,4
DA:30,4
BRDA:30,1,0,-
BRDA:30,1,1,4
DA:31,0
DA:32,0
DA:35,4
BRDA:35,2,0,2
BRDA:35,2,1,2
DA:38,2
DA:39,2
DA:41,2
DA:42,3
BRDA:42,3,0,-
BRDA:42,3,1,3
DA:43,0
DA:44,0
DA:47,2
BRDA:47,4,0,2
BRDA:47,4,1,2
DA:50,1
FNF:1
FNH:1
LF:17
LH:13
BRF:10
BRH:7
end_of_record
TN:
SF:src/NFTStaking.sol
FN:72,NFTStaking.stakeNFT
FNDA:6,NFTStaking.stakeNFT
DA:77,5
DA:79,5
DA:80,5
FN:87,NFTStaking.unStakeNFT
FNDA:2,NFTStaking.unStakeNFT
DA:88,2
DA:89,2
BRDA:89,0,0,1
BRDA:89,0,1,1
DA:91,1
DA:93,1
DA:94,1
DA:96,1
DA:98,1
DA:100,1
DA:101,1
FN:108,NFTStaking.claimRewards
FNDA:2,NFTStaking.claimRewards
DA:109,2
DA:110,2
BRDA:110,1,0,1
BRDA:110,1,1,1
DA:112,1
DA:113,1
DA:115,1
DA:116,1
DA:117,1
FN:125,NFTStaking.setRewardPerDay
FNDA:1,NFTStaking.setRewardPerDay
DA:126,1
DA:127,1
DA:128,1
FN:131,NFTStaking.rewardPerDay
FNDA:4,NFTStaking.rewardPerDay
DA:132,6
FN:135,NFTStaking.stakeInfo
FNDA:3,NFTStaking.stakeInfo
DA:145,3
FN:153,NFTStaking.calculateRewards
FNDA:0,NFTStaking.calculateRewards
DA:154,2
DA:155,2
DA:156,2
FN:163,NFTStaking.onERC721Received
FNDA:5,NFTStaking.onERC721Received
DA:170,5
FNF:8
FNH:7
LF:28
LH:28
BRF:4
BRH:4
end_of_record
TN:
SF:src/roles/Minter2StepRoles.sol
FN:46,Minter2StepRoles.transferOwnership
FNDA:0,Minter2StepRoles.transferOwnership
DA:47,0
BRDA:47,0,0,-
BRDA:47,0,1,-
DA:49,0
DA:50,0
FN:57,Minter2StepRoles.acceptOwnership
FNDA:0,Minter2StepRoles.acceptOwnership
DA:58,0
BRDA:58,1,0,-
BRDA:58,1,1,-
DA:60,0
DA:61,0
DA:62,0
DA:63,0
FN:71,Minter2StepRoles.setMinter
FNDA:2,Minter2StepRoles.setMinter
DA:72,2
BRDA:72,2,0,-
BRDA:72,2,1,2
DA:74,2
DA:75,2
DA:76,2
FN:82,Minter2StepRoles.owner
FNDA:0,Minter2StepRoles.owner
DA:83,0
FN:89,Minter2StepRoles.pendingOwner
FNDA:0,Minter2StepRoles.pendingOwner
DA:90,0
FN:96,Minter2StepRoles.minter
FNDA:1,Minter2StepRoles.minter
DA:97,1
FNF:6
FNH:2
LF:15
LH:5
BRF:6
BRH:1
end_of_record
TN:
SF:test/utils/ConstantsFixture.sol
FN:22,ConstantsFixture.setUp
FNDA:0,ConstantsFixture.setUp
DA:24,0
DA:27,0
DA:28,0
DA:30,0
DA:31,0
DA:32,0
DA:33,0
DA:35,0
DA:36,0
FNF:1
FNH:0
LF:9
LH:0
BRF:0
BRH:0
end_of_record
